<?xml version="1.0" encoding="UTF-8"?>
<testng-results total="1" passed="1" failed="0" skipped="0">
  <reporter-output>
  </reporter-output>
  <suite started-at="2020-03-24T06:57:03Z" name="com.yahoo.ycsb.TestByteIterator" finished-at="2020-03-24T06:57:03Z" duration-ms="11">
    <groups>
    </groups>
    <test started-at="2020-03-24T06:57:03Z" name="Command line test" finished-at="2020-03-24T06:57:03Z" duration-ms="11">
      <class name="com.yahoo.ycsb.TestByteIterator">
        <test-method signature="testRandomByteIterator()" started-at="2020-03-24T06:57:03Z" name="testRandomByteIterator" finished-at="2020-03-24T06:57:03Z" duration-ms="6" status="PASS">
        </test-method>
      </class>
    </test>
  </suite>
</testng-results>
